<?xml version="1.0" encoding="UTF-8"?>
<testsuite xmlns:xsi="http://www.w3.org/2001/XMLSchema-instance" xsi:noNamespaceSchemaLocation="https://maven.apache.org/surefire/maven-surefire-plugin/xsd/surefire-test-report-3.0.xsd" version="3.0" name="me.val.plugins.AppTest" time="0.019" tests="1" errors="0" skipped="0" failures="0">
  <properties>
    <property name="java.specification.version" value="20"/>
    <property name="sun.cpu.isalist" value="amd64"/>
    <property name="sun.jnu.encoding" value="Cp1252"/>
    <property name="java.class.path" value="C:\Users\gianlu\Desktop\irs_proj\solr_plugin\my-solr-plugin\target\test-classes;C:\Users\gianlu\Desktop\irs_proj\solr_plugin\my-solr-plugin\target\classes;C:\Users\gianlu\.m2\repository\junit\junit\3.8.1\junit-3.8.1.jar;C:\Users\gianlu\.m2\repository\org\apache\solr\solr-core\9.2.1\solr-core-9.2.1.jar;C:\Users\gianlu\.m2\repository\org\apache\lucene\lucene-core\9.4.2\lucene-core-9.4.2.jar;C:\Users\gianlu\.m2\repository\org\apache\lucene\lucene-analysis-common\9.4.2\lucene-analysis-common-9.4.2.jar;C:\Users\gianlu\.m2\repository\org\apache\lucene\lucene-queries\9.4.2\lucene-queries-9.4.2.jar;C:\Users\gianlu\.m2\repository\org\slf4j\slf4j-api\2.0.6\slf4j-api-2.0.6.jar;C:\Users\gianlu\.m2\repository\io\dropwizard\metrics\metrics-core\4.2.17\metrics-core-4.2.17.jar;C:\Users\gianlu\.m2\repository\io\opentracing\opentracing-api\0.33.0\opentracing-api-0.33.0.jar;C:\Users\gianlu\.m2\repository\io\swagger\core\v3\swagger-annotations\2.2.8\swagger-annotations-2.2.8.jar;C:\Users\gianlu\.m2\repository\io\dropwizard\metrics\metrics-graphite\4.2.17\metrics-graphite-4.2.17.jar;C:\Users\gianlu\.m2\repository\io\dropwizard\metrics\metrics-jmx\4.2.17\metrics-jmx-4.2.17.jar;C:\Users\gianlu\.m2\repository\io\dropwizard\metrics\metrics-jvm\4.2.17\metrics-jvm-4.2.17.jar;C:\Users\gianlu\.m2\repository\org\glassfish\jersey\containers\jersey-container-jetty-http\2.35\jersey-container-jetty-http-2.35.jar;C:\Users\gianlu\.m2\repository\org\eclipse\jetty\jetty-server\9.4.42.v20210604\jetty-server-9.4.42.v20210604.jar;C:\Users\gianlu\.m2\repository\javax\servlet\javax.servlet-api\3.1.0\javax.servlet-api-3.1.0.jar;C:\Users\gianlu\.m2\repository\org\glassfish\jersey\inject\jersey-hk2\2.35\jersey-hk2-2.35.jar;C:\Users\gianlu\.m2\repository\org\glassfish\hk2\hk2-locator\2.6.1\hk2-locator-2.6.1.jar;C:\Users\gianlu\.m2\repository\org\javassist\javassist\3.25.0-GA\javassist-3.25.0-GA.jar;C:\Users\gianlu\.m2\repository\org\glassfish\jersey\media\jersey-media-json-jackson\2.35\jersey-media-json-jackson-2.35.jar;C:\Users\gianlu\.m2\repository\org\glassfish\jersey\ext\jersey-entity-filtering\2.35\jersey-entity-filtering-2.35.jar;C:\Users\gianlu\.m2\repository\com\fasterxml\jackson\module\jackson-module-jaxb-annotations\2.12.2\jackson-module-jaxb-annotations-2.12.2.jar;C:\Users\gianlu\.m2\repository\jakarta\xml\bind\jakarta.xml.bind-api\2.3.2\jakarta.xml.bind-api-2.3.2.jar;C:\Users\gianlu\.m2\repository\jakarta\activation\jakarta.activation-api\1.2.1\jakarta.activation-api-1.2.1.jar;C:\Users\gianlu\.m2\repository\org\glassfish\jersey\core\jersey-common\2.35\jersey-common-2.35.jar;C:\Users\gianlu\.m2\repository\jakarta\annotation\jakarta.annotation-api\1.3.5\jakarta.annotation-api-1.3.5.jar;C:\Users\gianlu\.m2\repository\org\glassfish\hk2\osgi-resource-locator\1.0.3\osgi-resource-locator-1.0.3.jar;C:\Users\gianlu\.m2\repository\org\glassfish\jersey\core\jersey-server\2.35\jersey-server-2.35.jar;C:\Users\gianlu\.m2\repository\org\glassfish\jersey\core\jersey-client\2.35\jersey-client-2.35.jar;C:\Users\gianlu\.m2\repository\jakarta\validation\jakarta.validation-api\2.0.2\jakarta.validation-api-2.0.2.jar;C:\Users\gianlu\.m2\repository\org\glassfish\hk2\hk2-api\2.6.1\hk2-api-2.6.1.jar;C:\Users\gianlu\.m2\repository\org\glassfish\hk2\hk2-utils\2.6.1\hk2-utils-2.6.1.jar;C:\Users\gianlu\.m2\repository\org\glassfish\hk2\external\aopalliance-repackaged\2.6.1\aopalliance-repackaged-2.6.1.jar;C:\Users\gianlu\.m2\repository\org\glassfish\hk2\external\jakarta.inject\2.6.1\jakarta.inject-2.6.1.jar;C:\Users\gianlu\.m2\repository\jakarta\ws\rs\jakarta.ws.rs-api\2.1.6\jakarta.ws.rs-api-2.1.6.jar;C:\Users\gianlu\.m2\repository\org\apache\lucene\lucene-codecs\9.4.2\lucene-codecs-9.4.2.jar;C:\Users\gianlu\.m2\repository\org\apache\lucene\lucene-backward-codecs\9.4.2\lucene-backward-codecs-9.4.2.jar;C:\Users\gianlu\.m2\repository\org\apache\lucene\lucene-classification\9.4.2\lucene-classification-9.4.2.jar;C:\Users\gianlu\.m2\repository\org\apache\lucene\lucene-expressions\9.4.2\lucene-expressions-9.4.2.jar;C:\Users\gianlu\.m2\repository\org\antlr\antlr4-runtime\4.5.1-1\antlr4-runtime-4.5.1-1.jar;C:\Users\gianlu\.m2\repository\org\ow2\asm\asm\7.2\asm-7.2.jar;C:\Users\gianlu\.m2\repository\org\ow2\asm\asm-commons\7.2\asm-commons-7.2.jar;C:\Users\gianlu\.m2\repository\org\ow2\asm\asm-tree\7.2\asm-tree-7.2.jar;C:\Users\gianlu\.m2\repository\org\ow2\asm\asm-analysis\7.2\asm-analysis-7.2.jar;C:\Users\gianlu\.m2\repository\org\apache\lucene\lucene-grouping\9.4.2\lucene-grouping-9.4.2.jar;C:\Users\gianlu\.m2\repository\org\apache\lucene\lucene-highlighter\9.4.2\lucene-highlighter-9.4.2.jar;C:\Users\gianlu\.m2\repository\org\apache\lucene\lucene-memory\9.4.2\lucene-memory-9.4.2.jar;C:\Users\gianlu\.m2\repository\org\apache\lucene\lucene-join\9.4.2\lucene-join-9.4.2.jar;C:\Users\gianlu\.m2\repository\org\apache\lucene\lucene-misc\9.4.2\lucene-misc-9.4.2.jar;C:\Users\gianlu\.m2\repository\org\apache\lucene\lucene-queryparser\9.4.2\lucene-queryparser-9.4.2.jar;C:\Users\gianlu\.m2\repository\org\apache\lucene\lucene-sandbox\9.4.2\lucene-sandbox-9.4.2.jar;C:\Users\gianlu\.m2\repository\org\apache\lucene\lucene-spatial-extras\9.4.2\lucene-spatial-extras-9.4.2.jar;C:\Users\gianlu\.m2\repository\org\apache\lucene\lucene-spatial3d\9.4.2\lucene-spatial3d-9.4.2.jar;C:\Users\gianlu\.m2\repository\io\sgr\s2-geometry-library-java\1.0.0\s2-geometry-library-java-1.0.0.jar;C:\Users\gianlu\.m2\repository\org\apache\lucene\lucene-suggest\9.4.2\lucene-suggest-9.4.2.jar;C:\Users\gianlu\.m2\repository\com\google\guava\guava\31.1-jre\guava-31.1-jre.jar;C:\Users\gianlu\.m2\repository\com\google\guava\failureaccess\1.0.1\failureaccess-1.0.1.jar;C:\Users\gianlu\.m2\repository\com\google\guava\listenablefuture\9999.0-empty-to-avoid-conflict-with-guava\listenablefuture-9999.0-empty-to-avoid-conflict-with-guava.jar;C:\Users\gianlu\.m2\repository\org\checkerframework\checker-qual\3.12.0\checker-qual-3.12.0.jar;C:\Users\gianlu\.m2\repository\com\google\errorprone\error_prone_annotations\2.11.0\error_prone_annotations-2.11.0.jar;C:\Users\gianlu\.m2\repository\com\google\j2objc\j2objc-annotations\1.3\j2objc-annotations-1.3.jar;C:\Users\gianlu\.m2\repository\org\apache\commons\commons-lang3\3.12.0\commons-lang3-3.12.0.jar;C:\Users\gianlu\.m2\repository\org\apache\commons\commons-math3\3.6.1\commons-math3-3.6.1.jar;C:\Users\gianlu\.m2\repository\commons-io\commons-io\2.11.0\commons-io-2.11.0.jar;C:\Users\gianlu\.m2\repository\com\carrotsearch\hppc\0.9.1\hppc-0.9.1.jar;C:\Users\gianlu\.m2\repository\org\apache\commons\commons-collections4\4.4\commons-collections4-4.4.jar;C:\Users\gianlu\.m2\repository\com\github\ben-manes\caffeine\caffeine\3.1.5\caffeine-3.1.5.jar;C:\Users\gianlu\.m2\repository\commons-codec\commons-codec\1.15\commons-codec-1.15.jar;C:\Users\gianlu\.m2\repository\commons-cli\commons-cli\1.5.0\commons-cli-1.5.0.jar;C:\Users\gianlu\.m2\repository\org\locationtech\spatial4j\spatial4j\0.8\spatial4j-0.8.jar;C:\Users\gianlu\.m2\repository\com\fasterxml\jackson\core\jackson-annotations\2.14.2\jackson-annotations-2.14.2.jar;C:\Users\gianlu\.m2\repository\com\fasterxml\jackson\core\jackson-core\2.14.2\jackson-core-2.14.2.jar;C:\Users\gianlu\.m2\repository\com\fasterxml\jackson\core\jackson-databind\2.14.2\jackson-databind-2.14.2.jar;C:\Users\gianlu\.m2\repository\com\fasterxml\jackson\dataformat\jackson-dataformat-smile\2.14.2\jackson-dataformat-smile-2.14.2.jar;C:\Users\gianlu\.m2\repository\org\apache\httpcomponents\httpclient\4.5.14\httpclient-4.5.14.jar;C:\Users\gianlu\.m2\repository\org\apache\httpcomponents\httpcore\4.4.16\httpcore-4.4.16.jar;C:\Users\gianlu\.m2\repository\org\eclipse\jetty\jetty-client\10.0.13\jetty-client-10.0.13.jar;C:\Users\gianlu\.m2\repository\org\eclipse\jetty\jetty-alpn-client\10.0.13\jetty-alpn-client-10.0.13.jar;C:\Users\gianlu\.m2\repository\org\eclipse\jetty\jetty-http\10.0.13\jetty-http-10.0.13.jar;C:\Users\gianlu\.m2\repository\org\eclipse\jetty\jetty-io\10.0.13\jetty-io-10.0.13.jar;C:\Users\gianlu\.m2\repository\org\eclipse\jetty\toolchain\jetty-servlet-api\4.0.6\jetty-servlet-api-4.0.6.jar;C:\Users\gianlu\.m2\repository\org\apache\zookeeper\zookeeper\3.8.1\zookeeper-3.8.1.jar;C:\Users\gianlu\.m2\repository\io\netty\netty-handler\4.1.86.Final\netty-handler-4.1.86.Final.jar;C:\Users\gianlu\.m2\repository\io\netty\netty-common\4.1.86.Final\netty-common-4.1.86.Final.jar;C:\Users\gianlu\.m2\repository\io\netty\netty-resolver\4.1.86.Final\netty-resolver-4.1.86.Final.jar;C:\Users\gianlu\.m2\repository\io\netty\netty-buffer\4.1.86.Final\netty-buffer-4.1.86.Final.jar;C:\Users\gianlu\.m2\repository\io\netty\netty-transport\4.1.86.Final\netty-transport-4.1.86.Final.jar;C:\Users\gianlu\.m2\repository\io\netty\netty-transport-native-unix-common\4.1.86.Final\netty-transport-native-unix-common-4.1.86.Final.jar;C:\Users\gianlu\.m2\repository\io\netty\netty-codec\4.1.86.Final\netty-codec-4.1.86.Final.jar;C:\Users\gianlu\.m2\repository\io\netty\netty-transport-native-epoll\4.1.86.Final\netty-transport-native-epoll-4.1.86.Final.jar;C:\Users\gianlu\.m2\repository\io\netty\netty-transport-classes-epoll\4.1.86.Final\netty-transport-classes-epoll-4.1.86.Final.jar;C:\Users\gianlu\.m2\repository\org\apache\zookeeper\zookeeper-jute\3.8.1\zookeeper-jute-3.8.1.jar;C:\Users\gianlu\.m2\repository\org\semver4j\semver4j\4.2.1\semver4j-4.2.1.jar;C:\Users\gianlu\.m2\repository\com\jayway\jsonpath\json-path\2.7.0\json-path-2.7.0.jar;C:\Users\gianlu\.m2\repository\com\tdunning\t-digest\3.1\t-digest-3.1.jar;C:\Users\gianlu\.m2\repository\io\opentracing\opentracing-noop\0.33.0\opentracing-noop-0.33.0.jar;C:\Users\gianlu\.m2\repository\io\opentracing\opentracing-util\0.33.0\opentracing-util-0.33.0.jar;C:\Users\gianlu\.m2\repository\org\apache\commons\commons-exec\1.3\commons-exec-1.3.jar;C:\Users\gianlu\.m2\repository\org\apache\logging\log4j\log4j-api\2.20.0\log4j-api-2.20.0.jar;C:\Users\gianlu\.m2\repository\org\apache\logging\log4j\log4j-core\2.20.0\log4j-core-2.20.0.jar;C:\Users\gianlu\.m2\repository\org\codehaus\woodstox\stax2-api\4.2.1\stax2-api-4.2.1.jar;C:\Users\gianlu\.m2\repository\com\fasterxml\woodstox\woodstox-core\6.5.0\woodstox-core-6.5.0.jar;C:\Users\gianlu\.m2\repository\org\apache\lucene\lucene-analysis-kuromoji\9.4.2\lucene-analysis-kuromoji-9.4.2.jar;C:\Users\gianlu\.m2\repository\org\apache\lucene\lucene-analysis-nori\9.4.2\lucene-analysis-nori-9.4.2.jar;C:\Users\gianlu\.m2\repository\org\apache\lucene\lucene-analysis-phonetic\9.4.2\lucene-analysis-phonetic-9.4.2.jar;C:\Users\gianlu\.m2\repository\org\xerial\snappy\snappy-java\1.1.9.1\snappy-java-1.1.9.1.jar;C:\Users\gianlu\.m2\repository\org\apache\logging\log4j\log4j-slf4j2-impl\2.20.0\log4j-slf4j2-impl-2.20.0.jar;C:\Users\gianlu\.m2\repository\org\apache\solr\solr-solrj\9.2.1\solr-solrj-9.2.1.jar;C:\Users\gianlu\.m2\repository\org\eclipse\jetty\http2\http2-client\10.0.13\http2-client-10.0.13.jar;C:\Users\gianlu\.m2\repository\org\eclipse\jetty\http2\http2-common\10.0.13\http2-common-10.0.13.jar;C:\Users\gianlu\.m2\repository\org\eclipse\jetty\http2\http2-hpack\10.0.13\http2-hpack-10.0.13.jar;C:\Users\gianlu\.m2\repository\org\apache\httpcomponents\httpmime\4.5.14\httpmime-4.5.14.jar;C:\Users\gianlu\.m2\repository\org\eclipse\jetty\http2\http2-http-client-transport\10.0.13\http2-http-client-transport-10.0.13.jar;C:\Users\gianlu\.m2\repository\org\eclipse\jetty\jetty-util\10.0.13\jetty-util-10.0.13.jar;C:\Users\gianlu\.m2\repository\org\slf4j\jcl-over-slf4j\2.0.6\jcl-over-slf4j-2.0.6.jar;C:\Users\gianlu\.m2\repository\org\eclipse\jetty\jetty-alpn-java-client\10.0.13\jetty-alpn-java-client-10.0.13.jar;C:\Users\gianlu\.m2\repository\org\apache\solr\solr-solrj-streaming\9.2.1\solr-solrj-streaming-9.2.1.jar;C:\Users\gianlu\.m2\repository\org\apache\solr\solr-solrj-zookeeper\9.2.1\solr-solrj-zookeeper-9.2.1.jar;C:\Users\gianlu\.m2\repository\org\tensorflow\tensorflow\1.15.0\tensorflow-1.15.0.jar;C:\Users\gianlu\.m2\repository\org\tensorflow\libtensorflow\1.15.0\libtensorflow-1.15.0.jar;C:\Users\gianlu\.m2\repository\org\tensorflow\libtensorflow_jni\1.15.0\libtensorflow_jni-1.15.0.jar;"/>
    <property name="java.vm.vendor" value="Oracle Corporation"/>
    <property name="sun.arch.data.model" value="64"/>
    <property name="user.variant" value=""/>
    <property name="java.vendor.url" value="https://java.oracle.com/"/>
    <property name="user.timezone" value="Europe/Rome"/>
    <property name="user.country.format" value="150"/>
    <property name="os.name" value="Windows 10"/>
    <property name="java.vm.specification.version" value="20"/>
    <property name="sun.java.launcher" value="SUN_STANDARD"/>
    <property name="user.country" value="US"/>
    <property name="sun.boot.library.path" value="C:\Program Files\Java\jdk-20\bin"/>
    <property name="sun.java.command" value="C:\Users\gianlu\AppData\Local\Temp\surefire15634948346620568538\surefirebooter-20230603151140597_3.jar C:\Users\gianlu\AppData\Local\Temp\surefire15634948346620568538 2023-06-03T15-11-40_479-jvmRun1 surefire-20230603151140597_1tmp surefire_0-20230603151140597_2tmp"/>
    <property name="jdk.debug" value="release"/>
    <property name="surefire.test.class.path" value="C:\Users\gianlu\Desktop\irs_proj\solr_plugin\my-solr-plugin\target\test-classes;C:\Users\gianlu\Desktop\irs_proj\solr_plugin\my-solr-plugin\target\classes;C:\Users\gianlu\.m2\repository\junit\junit\3.8.1\junit-3.8.1.jar;C:\Users\gianlu\.m2\repository\org\apache\solr\solr-core\9.2.1\solr-core-9.2.1.jar;C:\Users\gianlu\.m2\repository\org\apache\lucene\lucene-core\9.4.2\lucene-core-9.4.2.jar;C:\Users\gianlu\.m2\repository\org\apache\lucene\lucene-analysis-common\9.4.2\lucene-analysis-common-9.4.2.jar;C:\Users\gianlu\.m2\repository\org\apache\lucene\lucene-queries\9.4.2\lucene-queries-9.4.2.jar;C:\Users\gianlu\.m2\repository\org\slf4j\slf4j-api\2.0.6\slf4j-api-2.0.6.jar;C:\Users\gianlu\.m2\repository\io\dropwizard\metrics\metrics-core\4.2.17\metrics-core-4.2.17.jar;C:\Users\gianlu\.m2\repository\io\opentracing\opentracing-api\0.33.0\opentracing-api-0.33.0.jar;C:\Users\gianlu\.m2\repository\io\swagger\core\v3\swagger-annotations\2.2.8\swagger-annotations-2.2.8.jar;C:\Users\gianlu\.m2\repository\io\dropwizard\metrics\metrics-graphite\4.2.17\metrics-graphite-4.2.17.jar;C:\Users\gianlu\.m2\repository\io\dropwizard\metrics\metrics-jmx\4.2.17\metrics-jmx-4.2.17.jar;C:\Users\gianlu\.m2\repository\io\dropwizard\metrics\metrics-jvm\4.2.17\metrics-jvm-4.2.17.jar;C:\Users\gianlu\.m2\repository\org\glassfish\jersey\containers\jersey-container-jetty-http\2.35\jersey-container-jetty-http-2.35.jar;C:\Users\gianlu\.m2\repository\org\eclipse\jetty\jetty-server\9.4.42.v20210604\jetty-server-9.4.42.v20210604.jar;C:\Users\gianlu\.m2\repository\javax\servlet\javax.servlet-api\3.1.0\javax.servlet-api-3.1.0.jar;C:\Users\gianlu\.m2\repository\org\glassfish\jersey\inject\jersey-hk2\2.35\jersey-hk2-2.35.jar;C:\Users\gianlu\.m2\repository\org\glassfish\hk2\hk2-locator\2.6.1\hk2-locator-2.6.1.jar;C:\Users\gianlu\.m2\repository\org\javassist\javassist\3.25.0-GA\javassist-3.25.0-GA.jar;C:\Users\gianlu\.m2\repository\org\glassfish\jersey\media\jersey-media-json-jackson\2.35\jersey-media-json-jackson-2.35.jar;C:\Users\gianlu\.m2\repository\org\glassfish\jersey\ext\jersey-entity-filtering\2.35\jersey-entity-filtering-2.35.jar;C:\Users\gianlu\.m2\repository\com\fasterxml\jackson\module\jackson-module-jaxb-annotations\2.12.2\jackson-module-jaxb-annotations-2.12.2.jar;C:\Users\gianlu\.m2\repository\jakarta\xml\bind\jakarta.xml.bind-api\2.3.2\jakarta.xml.bind-api-2.3.2.jar;C:\Users\gianlu\.m2\repository\jakarta\activation\jakarta.activation-api\1.2.1\jakarta.activation-api-1.2.1.jar;C:\Users\gianlu\.m2\repository\org\glassfish\jersey\core\jersey-common\2.35\jersey-common-2.35.jar;C:\Users\gianlu\.m2\repository\jakarta\annotation\jakarta.annotation-api\1.3.5\jakarta.annotation-api-1.3.5.jar;C:\Users\gianlu\.m2\repository\org\glassfish\hk2\osgi-resource-locator\1.0.3\osgi-resource-locator-1.0.3.jar;C:\Users\gianlu\.m2\repository\org\glassfish\jersey\core\jersey-server\2.35\jersey-server-2.35.jar;C:\Users\gianlu\.m2\repository\org\glassfish\jersey\core\jersey-client\2.35\jersey-client-2.35.jar;C:\Users\gianlu\.m2\repository\jakarta\validation\jakarta.validation-api\2.0.2\jakarta.validation-api-2.0.2.jar;C:\Users\gianlu\.m2\repository\org\glassfish\hk2\hk2-api\2.6.1\hk2-api-2.6.1.jar;C:\Users\gianlu\.m2\repository\org\glassfish\hk2\hk2-utils\2.6.1\hk2-utils-2.6.1.jar;C:\Users\gianlu\.m2\repository\org\glassfish\hk2\external\aopalliance-repackaged\2.6.1\aopalliance-repackaged-2.6.1.jar;C:\Users\gianlu\.m2\repository\org\glassfish\hk2\external\jakarta.inject\2.6.1\jakarta.inject-2.6.1.jar;C:\Users\gianlu\.m2\repository\jakarta\ws\rs\jakarta.ws.rs-api\2.1.6\jakarta.ws.rs-api-2.1.6.jar;C:\Users\gianlu\.m2\repository\org\apache\lucene\lucene-codecs\9.4.2\lucene-codecs-9.4.2.jar;C:\Users\gianlu\.m2\repository\org\apache\lucene\lucene-backward-codecs\9.4.2\lucene-backward-codecs-9.4.2.jar;C:\Users\gianlu\.m2\repository\org\apache\lucene\lucene-classification\9.4.2\lucene-classification-9.4.2.jar;C:\Users\gianlu\.m2\repository\org\apache\lucene\lucene-expressions\9.4.2\lucene-expressions-9.4.2.jar;C:\Users\gianlu\.m2\repository\org\antlr\antlr4-runtime\4.5.1-1\antlr4-runtime-4.5.1-1.jar;C:\Users\gianlu\.m2\repository\org\ow2\asm\asm\7.2\asm-7.2.jar;C:\Users\gianlu\.m2\repository\org\ow2\asm\asm-commons\7.2\asm-commons-7.2.jar;C:\Users\gianlu\.m2\repository\org\ow2\asm\asm-tree\7.2\asm-tree-7.2.jar;C:\Users\gianlu\.m2\repository\org\ow2\asm\asm-analysis\7.2\asm-analysis-7.2.jar;C:\Users\gianlu\.m2\repository\org\apache\lucene\lucene-grouping\9.4.2\lucene-grouping-9.4.2.jar;C:\Users\gianlu\.m2\repository\org\apache\lucene\lucene-highlighter\9.4.2\lucene-highlighter-9.4.2.jar;C:\Users\gianlu\.m2\repository\org\apache\lucene\lucene-memory\9.4.2\lucene-memory-9.4.2.jar;C:\Users\gianlu\.m2\repository\org\apache\lucene\lucene-join\9.4.2\lucene-join-9.4.2.jar;C:\Users\gianlu\.m2\repository\org\apache\lucene\lucene-misc\9.4.2\lucene-misc-9.4.2.jar;C:\Users\gianlu\.m2\repository\org\apache\lucene\lucene-queryparser\9.4.2\lucene-queryparser-9.4.2.jar;C:\Users\gianlu\.m2\repository\org\apache\lucene\lucene-sandbox\9.4.2\lucene-sandbox-9.4.2.jar;C:\Users\gianlu\.m2\repository\org\apache\lucene\lucene-spatial-extras\9.4.2\lucene-spatial-extras-9.4.2.jar;C:\Users\gianlu\.m2\repository\org\apache\lucene\lucene-spatial3d\9.4.2\lucene-spatial3d-9.4.2.jar;C:\Users\gianlu\.m2\repository\io\sgr\s2-geometry-library-java\1.0.0\s2-geometry-library-java-1.0.0.jar;C:\Users\gianlu\.m2\repository\org\apache\lucene\lucene-suggest\9.4.2\lucene-suggest-9.4.2.jar;C:\Users\gianlu\.m2\repository\com\google\guava\guava\31.1-jre\guava-31.1-jre.jar;C:\Users\gianlu\.m2\repository\com\google\guava\failureaccess\1.0.1\failureaccess-1.0.1.jar;C:\Users\gianlu\.m2\repository\com\google\guava\listenablefuture\9999.0-empty-to-avoid-conflict-with-guava\listenablefuture-9999.0-empty-to-avoid-conflict-with-guava.jar;C:\Users\gianlu\.m2\repository\org\checkerframework\checker-qual\3.12.0\checker-qual-3.12.0.jar;C:\Users\gianlu\.m2\repository\com\google\errorprone\error_prone_annotations\2.11.0\error_prone_annotations-2.11.0.jar;C:\Users\gianlu\.m2\repository\com\google\j2objc\j2objc-annotations\1.3\j2objc-annotations-1.3.jar;C:\Users\gianlu\.m2\repository\org\apache\commons\commons-lang3\3.12.0\commons-lang3-3.12.0.jar;C:\Users\gianlu\.m2\repository\org\apache\commons\commons-math3\3.6.1\commons-math3-3.6.1.jar;C:\Users\gianlu\.m2\repository\commons-io\commons-io\2.11.0\commons-io-2.11.0.jar;C:\Users\gianlu\.m2\repository\com\carrotsearch\hppc\0.9.1\hppc-0.9.1.jar;C:\Users\gianlu\.m2\repository\org\apache\commons\commons-collections4\4.4\commons-collections4-4.4.jar;C:\Users\gianlu\.m2\repository\com\github\ben-manes\caffeine\caffeine\3.1.5\caffeine-3.1.5.jar;C:\Users\gianlu\.m2\repository\commons-codec\commons-codec\1.15\commons-codec-1.15.jar;C:\Users\gianlu\.m2\repository\commons-cli\commons-cli\1.5.0\commons-cli-1.5.0.jar;C:\Users\gianlu\.m2\repository\org\locationtech\spatial4j\spatial4j\0.8\spatial4j-0.8.jar;C:\Users\gianlu\.m2\repository\com\fasterxml\jackson\core\jackson-annotations\2.14.2\jackson-annotations-2.14.2.jar;C:\Users\gianlu\.m2\repository\com\fasterxml\jackson\core\jackson-core\2.14.2\jackson-core-2.14.2.jar;C:\Users\gianlu\.m2\repository\com\fasterxml\jackson\core\jackson-databind\2.14.2\jackson-databind-2.14.2.jar;C:\Users\gianlu\.m2\repository\com\fasterxml\jackson\dataformat\jackson-dataformat-smile\2.14.2\jackson-dataformat-smile-2.14.2.jar;C:\Users\gianlu\.m2\repository\org\apache\httpcomponents\httpclient\4.5.14\httpclient-4.5.14.jar;C:\Users\gianlu\.m2\repository\org\apache\httpcomponents\httpcore\4.4.16\httpcore-4.4.16.jar;C:\Users\gianlu\.m2\repository\org\eclipse\jetty\jetty-client\10.0.13\jetty-client-10.0.13.jar;C:\Users\gianlu\.m2\repository\org\eclipse\jetty\jetty-alpn-client\10.0.13\jetty-alpn-client-10.0.13.jar;C:\Users\gianlu\.m2\repository\org\eclipse\jetty\jetty-http\10.0.13\jetty-http-10.0.13.jar;C:\Users\gianlu\.m2\repository\org\eclipse\jetty\jetty-io\10.0.13\jetty-io-10.0.13.jar;C:\Users\gianlu\.m2\repository\org\eclipse\jetty\toolchain\jetty-servlet-api\4.0.6\jetty-servlet-api-4.0.6.jar;C:\Users\gianlu\.m2\repository\org\apache\zookeeper\zookeeper\3.8.1\zookeeper-3.8.1.jar;C:\Users\gianlu\.m2\repository\io\netty\netty-handler\4.1.86.Final\netty-handler-4.1.86.Final.jar;C:\Users\gianlu\.m2\repository\io\netty\netty-common\4.1.86.Final\netty-common-4.1.86.Final.jar;C:\Users\gianlu\.m2\repository\io\netty\netty-resolver\4.1.86.Final\netty-resolver-4.1.86.Final.jar;C:\Users\gianlu\.m2\repository\io\netty\netty-buffer\4.1.86.Final\netty-buffer-4.1.86.Final.jar;C:\Users\gianlu\.m2\repository\io\netty\netty-transport\4.1.86.Final\netty-transport-4.1.86.Final.jar;C:\Users\gianlu\.m2\repository\io\netty\netty-transport-native-unix-common\4.1.86.Final\netty-transport-native-unix-common-4.1.86.Final.jar;C:\Users\gianlu\.m2\repository\io\netty\netty-codec\4.1.86.Final\netty-codec-4.1.86.Final.jar;C:\Users\gianlu\.m2\repository\io\netty\netty-transport-native-epoll\4.1.86.Final\netty-transport-native-epoll-4.1.86.Final.jar;C:\Users\gianlu\.m2\repository\io\netty\netty-transport-classes-epoll\4.1.86.Final\netty-transport-classes-epoll-4.1.86.Final.jar;C:\Users\gianlu\.m2\repository\org\apache\zookeeper\zookeeper-jute\3.8.1\zookeeper-jute-3.8.1.jar;C:\Users\gianlu\.m2\repository\org\semver4j\semver4j\4.2.1\semver4j-4.2.1.jar;C:\Users\gianlu\.m2\repository\com\jayway\jsonpath\json-path\2.7.0\json-path-2.7.0.jar;C:\Users\gianlu\.m2\repository\com\tdunning\t-digest\3.1\t-digest-3.1.jar;C:\Users\gianlu\.m2\repository\io\opentracing\opentracing-noop\0.33.0\opentracing-noop-0.33.0.jar;C:\Users\gianlu\.m2\repository\io\opentracing\opentracing-util\0.33.0\opentracing-util-0.33.0.jar;C:\Users\gianlu\.m2\repository\org\apache\commons\commons-exec\1.3\commons-exec-1.3.jar;C:\Users\gianlu\.m2\repository\org\apache\logging\log4j\log4j-api\2.20.0\log4j-api-2.20.0.jar;C:\Users\gianlu\.m2\repository\org\apache\logging\log4j\log4j-core\2.20.0\log4j-core-2.20.0.jar;C:\Users\gianlu\.m2\repository\org\codehaus\woodstox\stax2-api\4.2.1\stax2-api-4.2.1.jar;C:\Users\gianlu\.m2\repository\com\fasterxml\woodstox\woodstox-core\6.5.0\woodstox-core-6.5.0.jar;C:\Users\gianlu\.m2\repository\org\apache\lucene\lucene-analysis-kuromoji\9.4.2\lucene-analysis-kuromoji-9.4.2.jar;C:\Users\gianlu\.m2\repository\org\apache\lucene\lucene-analysis-nori\9.4.2\lucene-analysis-nori-9.4.2.jar;C:\Users\gianlu\.m2\repository\org\apache\lucene\lucene-analysis-phonetic\9.4.2\lucene-analysis-phonetic-9.4.2.jar;C:\Users\gianlu\.m2\repository\org\xerial\snappy\snappy-java\1.1.9.1\snappy-java-1.1.9.1.jar;C:\Users\gianlu\.m2\repository\org\apache\logging\log4j\log4j-slf4j2-impl\2.20.0\log4j-slf4j2-impl-2.20.0.jar;C:\Users\gianlu\.m2\repository\org\apache\solr\solr-solrj\9.2.1\solr-solrj-9.2.1.jar;C:\Users\gianlu\.m2\repository\org\eclipse\jetty\http2\http2-client\10.0.13\http2-client-10.0.13.jar;C:\Users\gianlu\.m2\repository\org\eclipse\jetty\http2\http2-common\10.0.13\http2-common-10.0.13.jar;C:\Users\gianlu\.m2\repository\org\eclipse\jetty\http2\http2-hpack\10.0.13\http2-hpack-10.0.13.jar;C:\Users\gianlu\.m2\repository\org\apache\httpcomponents\httpmime\4.5.14\httpmime-4.5.14.jar;C:\Users\gianlu\.m2\repository\org\eclipse\jetty\http2\http2-http-client-transport\10.0.13\http2-http-client-transport-10.0.13.jar;C:\Users\gianlu\.m2\repository\org\eclipse\jetty\jetty-util\10.0.13\jetty-util-10.0.13.jar;C:\Users\gianlu\.m2\repository\org\slf4j\jcl-over-slf4j\2.0.6\jcl-over-slf4j-2.0.6.jar;C:\Users\gianlu\.m2\repository\org\eclipse\jetty\jetty-alpn-java-client\10.0.13\jetty-alpn-java-client-10.0.13.jar;C:\Users\gianlu\.m2\repository\org\apache\solr\solr-solrj-streaming\9.2.1\solr-solrj-streaming-9.2.1.jar;C:\Users\gianlu\.m2\repository\org\apache\solr\solr-solrj-zookeeper\9.2.1\solr-solrj-zookeeper-9.2.1.jar;C:\Users\gianlu\.m2\repository\org\tensorflow\tensorflow\1.15.0\tensorflow-1.15.0.jar;C:\Users\gianlu\.m2\repository\org\tensorflow\libtensorflow\1.15.0\libtensorflow-1.15.0.jar;C:\Users\gianlu\.m2\repository\org\tensorflow\libtensorflow_jni\1.15.0\libtensorflow_jni-1.15.0.jar;"/>
    <property name="sun.cpu.endian" value="little"/>
    <property name="user.home" value="C:\Users\gianlu"/>
    <property name="user.language" value="en"/>
    <property name="java.specification.vendor" value="Oracle Corporation"/>
    <property name="java.version.date" value="2023-04-18"/>
    <property name="java.home" value="C:\Program Files\Java\jdk-20"/>
    <property name="file.separator" value="\"/>
    <property name="basedir" value="C:\Users\gianlu\Desktop\irs_proj\solr_plugin\my-solr-plugin"/>
    <property name="java.vm.compressedOopsMode" value="Zero based"/>
    <property name="line.separator" value="&#10;"/>
    <property name="java.vm.specification.vendor" value="Oracle Corporation"/>
    <property name="java.specification.name" value="Java Platform API Specification"/>
    <property name="surefire.real.class.path" value="C:\Users\gianlu\AppData\Local\Temp\surefire15634948346620568538\surefirebooter-20230603151140597_3.jar"/>
    <property name="user.script" value=""/>
    <property name="sun.management.compiler" value="HotSpot 64-Bit Tiered Compilers"/>
    <property name="java.runtime.version" value="20.0.1+9-29"/>
    <property name="user.name" value="gianlu"/>
    <property name="stdout.encoding" value="Cp1252"/>
    <property name="path.separator" value=";"/>
    <property name="os.version" value="10.0"/>
    <property name="java.runtime.name" value="Java(TM) SE Runtime Environment"/>
    <property name="file.encoding" value="UTF-8"/>
    <property name="java.vm.name" value="Java HotSpot(TM) 64-Bit Server VM"/>
    <property name="localRepository" value="C:\Users\gianlu\.m2\repository"/>
    <property name="java.vendor.url.bug" value="https://bugreport.java.com/bugreport/"/>
    <property name="java.io.tmpdir" value="C:\Users\gianlu\AppData\Local\Temp\"/>
    <property name="java.version" value="20.0.1"/>
    <property name="user.dir" value="C:\Users\gianlu\Desktop\irs_proj\solr_plugin\my-solr-plugin"/>
    <property name="os.arch" value="amd64"/>
    <property name="java.vm.specification.name" value="Java Virtual Machine Specification"/>
    <property name="sun.os.patch.level" value=""/>
    <property name="native.encoding" value="Cp1252"/>
    <property name="java.library.path" value="C:\Program Files\Java\jdk-20\bin;C:\Windows\Sun\Java\bin;C:\Windows\system32;C:\Windows;C:\Program Files\Common Files\Oracle\Java\javapath;C:\Program Files (x86)\Common Files\Oracle\Java\javapath;c:\program files (x86)\common files\intel\shared libraries\redist\intel64\compiler;c:\program files\python39\scripts\;c:\program files\python39\;c:\windows\system32;c:\windows;c:\windows\system32\wbem;c:\windows\system32\windowspowershell\v1.0\;c:\windows\system32\openssh\;c:\program files\git\cmd;c:\program files\geckodriver;c:\program files\ffmpeg\;c:\clitools;c:\program files (x86)\videolan\vlc;c:\mingw\bin;c:\program files\nvidia corporation\nvidia nvdlisr;c:\program files (x86)\streamlink\bin;c:\program files\matlab\r2021b\bin;c:\program files\dotnet\;c:\program files\geth;C:\Program Files (x86)\NVIDIA Corporation\PhysX\Common;C:\Program Files\nodejs\;C:\Program Files\Docker\Docker\resources\bin;C:\Program Files\Kubernetes\Minikube;C:\ProgramData\chocolatey\bin;C:\metasploit-framework\bin\;C:\Program Files\Java\jdk-20\bin;C:\apache-maven-3.9.2\bin;C:\Program Files\MySQL\MySQL Shell 8.0\bin\;C:\Users\gianlu\AppData\Local\Microsoft\WindowsApps;C:\Program Files\Bandizip\;C:\Users\gianlu\AppData\Local\Programs\Microsoft VS Code\bin;C:\Program Files\GPAC;C:\Program Files\heroku\bin;C:\Users\gianlu\.dotnet\tools;C:\Users\gianlu\AppData\Local\Yarn\bin;c:\users\gianlu\appdata\roaming\python\python39\scripts;c:\users\gianlu\.local\bin;C:\Users\gianlu\AppData\Roaming\npm;C:\TONexecutables;."/>
    <property name="java.vm.info" value="mixed mode, sharing"/>
    <property name="stderr.encoding" value="Cp1252"/>
    <property name="java.vendor" value="Oracle Corporation"/>
    <property name="java.vm.version" value="20.0.1+9-29"/>
    <property name="sun.io.unicode.encoding" value="UnicodeLittle"/>
    <property name="java.class.version" value="64.0"/>
  </properties>
  <testcase name="testApp" classname="me.val.plugins.AppTest" time="0.003"/>
</testsuite>